2019-03-28 12:26:33 AM  INFO  role:manager   account:admin   operation:landing   info:管理员成功登录!
2019-04-02 02:07:07 AM  INFO  role:manager   account:admin   operation:landing   info:管理员成功登录!
2019-04-02 02:07:43 AM  INFO  role:manager   account:admin   operation:landing   info:管理员成功登录!
2019-04-02 02:10:41 AM  INFO  role:manager   account:admin   operation:landing   info:管理员成功登录!
2019-04-02 02:14:13 AM  INFO  role:manager   account:admin   operation:landing   info:管理员成功登录!
2019-04-02 02:15:09 AM  INFO  role:admin   account:admin   operation:creat course   info:linux课程创建成功
2019-04-02 02:16:00 AM  INFO  role:admin   account:admin   operation:creat course   info:python课程创建成功
2019-04-02 02:16:35 AM  INFO  role:admin   account:admin   operation:creat course   info:go课程创建成功
2019-04-02 02:18:56 AM  INFO  role:manager   account:admin   operation:landing   info:管理员成功登录!
2019-04-02 02:20:59 AM  INFO  role:manager   account:admin   operation:landing   info:管理员成功登录!
2019-04-02 02:23:24 AM  INFO  role:manager   account:admin   operation:landing   info:管理员成功登录!
2019-04-02 02:27:59 AM  INFO  role:manager   account:admin   operation:landing   info:管理员成功登录!
2019-04-02 02:35:51 AM  INFO  role:manager   account:admin   operation:landing   info:管理员成功登录!
2019-04-02 02:36:17 AM  INFO  role:admin   account:admin   operation:creat school   info:001校区创建成功！
2019-04-02 02:43:31 AM  INFO  role:manager   account:admin   operation:landing   info:管理员成功登录!
2019-04-02 02:49:06 AM  INFO  role:manager   account:admin   operation:landing   info:管理员成功登录!
2019-04-02 02:52:18 AM  INFO  role:manager   account:admin   operation:landing   info:管理员成功登录!
2019-04-02 02:52:29 AM  INFO  role:admin   account:admin   operation:creat school   info:北京校区创建成功！
2019-04-02 02:54:57 AM  INFO  role:manager   account:admin   operation:landing   info:管理员成功登录!
2019-04-02 02:55:08 AM  INFO  role:admin   account:admin   operation:creat school   info:北京校区创建成功！
2019-04-02 02:57:18 AM  INFO  role:manager   account:admin   operation:landing   info:管理员成功登录!
2019-04-02 03:06:10 AM  INFO  role:manager   account:admin   operation:landing   info:管理员成功登录!
2019-04-02 03:08:00 AM  INFO  role:manager   account:admin   operation:landing   info:管理员成功登录!
2019-04-02 03:09:40 AM  INFO  role:manager   account:admin   operation:landing   info:管理员成功登录!
2019-04-02 03:11:45 AM  INFO  role:manager   account:admin   operation:landing   info:管理员成功登录!
2019-04-02 03:18:01 AM  INFO  role:manager   account:admin   operation:landing   info:管理员成功登录!
2019-04-02 03:19:51 AM  INFO  role:manager   account:admin   operation:landing   info:管理员成功登录!
2019-04-02 03:20:01 AM  INFO  role:admin   account:admin   operation:creat school   info:北京校区创建成功！
2019-04-02 03:26:21 AM  INFO  role:manager   account:admin   operation:landing   info:管理员成功登录!
2019-04-02 03:26:28 AM  INFO  role:admin   account:admin   operation:creat school   info:上海校区创建成功！
2019-04-02 03:28:31 AM  INFO  role:manager   account:admin   operation:landing   info:管理员成功登录!
2019-04-02 03:28:47 AM  INFO  role:admin   account:admin   operation:creat school   info:河南校区创建成功！
2019-04-02 03:30:13 AM  INFO  role:manager   account:admin   operation:landing   info:管理员成功登录!
2019-04-02 03:30:26 AM  INFO  role:admin   account:admin   operation:creat school   info:信阳校区创建成功！
2019-04-02 10:00:03 PM  INFO  role:manager   account:admin   operation:landing   info:管理员成功登录!
2019-04-02 10:46:53 PM  INFO  role:manager   account:admin   operation:landing   info:管理员成功登录!
2019-04-02 10:47:16 PM  INFO  role:admin   account:admin   operation:creat school   info:北京校区创建成功！
2019-04-02 10:50:34 PM  INFO  role:manager   account:admin   operation:landing   info:管理员成功登录!
2019-04-02 10:50:44 PM  INFO  role:admin   account:admin   operation:creat school   info:上海校区创建成功！
2019-04-02 10:52:12 PM  INFO  role:manager   account:admin   operation:landing   info:管理员成功登录!
2019-04-02 10:53:21 PM  INFO  role:manager   account:admin   operation:landing   info:管理员成功登录!
2019-04-02 10:57:09 PM  INFO  role:manager   account:admin   operation:landing   info:管理员成功登录!
2019-04-02 11:01:07 PM  INFO  role:manager   account:admin   operation:landing   info:管理员成功登录!
2019-04-02 11:02:52 PM  INFO  role:manager   account:admin   operation:landing   info:管理员成功登录!
2019-04-02 11:06:23 PM  INFO  role:manager   account:admin   operation:landing   info:管理员成功登录!
2019-04-02 11:06:41 PM  INFO  role:manager   account:admin   operation:landing   info:管理员成功登录!
2019-04-02 11:07:13 PM  INFO  role:admin   account:admin   operation:creat teacher   info:None账户创建成功
2019-04-02 11:07:40 PM  INFO  role:admin   account:admin   operation:creat teacher   info:None账户创建成功
2019-04-02 11:08:07 PM  INFO  role:admin   account:admin   operation:creat teacher   info:None账户创建成功
2019-04-02 11:19:22 PM  INFO  role:manager   account:admin   operation:landing   info:管理员成功登录!
2019-04-02 11:19:44 PM  INFO  role:admin   account:admin   operation:creat teacher   info:None账户创建成功
2019-04-02 11:21:59 PM  INFO  role:manager   account:admin   operation:landing   info:管理员成功登录!
2019-04-02 11:22:29 PM  INFO  role:admin   account:admin   operation:creat teacher   info:None账户创建成功
2019-04-02 11:23:25 PM  INFO  role:manager   account:admin   operation:landing   info:管理员成功登录!
2019-04-02 11:23:41 PM  INFO  role:admin   account:admin   operation:creat teacher   info:None账户创建成功
2019-04-02 11:24:05 PM  INFO  role:manager   account:admin   operation:landing   info:管理员成功登录!
2019-04-02 11:24:18 PM  INFO  role:admin   account:admin   operation:creat teacher   info:None账户创建成功
2019-04-02 11:25:51 PM  INFO  role:manager   account:admin   operation:landing   info:管理员成功登录!
2019-04-02 11:27:56 PM  INFO  role:manager   account:admin   operation:landing   info:管理员成功登录!
2019-04-02 11:28:18 PM  INFO  role:admin   account:admin   operation:creat teacher   info:None账户创建成功
2019-04-02 11:28:40 PM  INFO  role:admin   account:admin   operation:creat teacher   info:None账户创建成功
2019-04-02 11:29:22 PM  INFO  role:admin   account:admin   operation:creat teacher   info:None账户创建成功
2019-04-02 11:31:46 PM  INFO  role:manager   account:admin   operation:landing   info:管理员成功登录!
2019-04-02 11:38:17 PM  INFO  role:manager   account:admin   operation:landing   info:管理员成功登录!
2019-04-02 11:39:14 PM  INFO  role:manager   account:admin   operation:landing   info:管理员成功登录!
2019-04-02 11:39:26 PM  INFO  role:admin   account:admin   operation:creat teacher   info:None账户创建成功
2019-04-02 11:42:12 PM  INFO  role:manager   account:admin   operation:landing   info:管理员成功登录!
2019-04-02 11:42:26 PM  INFO  role:admin   account:admin   operation:creat teacher   info:None账户创建成功
2019-04-02 11:42:48 PM  INFO  role:admin   account:admin   operation:creat teacher   info:None账户创建成功
2019-04-02 11:43:16 PM  INFO  role:admin   account:admin   operation:creat teacher   info:None账户创建成功
2019-04-02 11:43:40 PM  INFO  role:manager   account:admin   operation:landing   info:管理员成功登录!
2019-04-02 11:53:07 PM  INFO  role:manager   account:admin   operation:landing   info:管理员成功登录!
2019-04-02 11:53:58 PM  INFO  role:manager   account:admin   operation:landing   info:管理员成功登录!
2019-04-02 11:56:15 PM  INFO  role:manager   account:admin   operation:landing   info:管理员成功登录!
2019-04-03 12:02:06 AM  INFO  role:manager   account:admin   operation:landing   info:管理员成功登录!
2019-04-03 12:31:27 AM  INFO  role:manager   account:admin   operation:landing   info:管理员成功登录!
2019-04-03 12:31:53 AM  INFO  role:admin   account:admin   operation:creat course   info:linux课程创建成功
2019-04-03 12:32:26 AM  INFO  role:admin   account:admin   operation:creat course   info:python课程创建成功
2019-04-03 12:32:54 AM  INFO  role:admin   account:admin   operation:creat course   info:go课程创建成功
2019-04-03 12:33:20 AM  INFO  role:admin   account:admin   operation:creat school   info:北京校区创建成功！
2019-04-03 12:33:34 AM  INFO  role:admin   account:admin   operation:creat school   info:上海校区创建成功！
2019-04-03 12:34:01 AM  INFO  role:admin   account:admin   operation:creat teacher   info:None账户创建成功
2019-04-03 12:34:22 AM  INFO  role:admin   account:admin   operation:creat teacher   info:None账户创建成功
2019-04-03 12:34:46 AM  INFO  role:admin   account:admin   operation:creat teacher   info:None账户创建成功
2019-04-03 12:37:29 AM  INFO  role:manager   account:admin   operation:landing   info:管理员成功登录!
2019-04-03 12:43:42 AM  INFO  role:manager   account:admin   operation:landing   info:管理员成功登录!
2019-04-03 12:44:07 AM  INFO  role:admin   account:admin   operation:creat course   info:python课程创建成功
2019-04-03 12:44:32 AM  INFO  role:admin   account:admin   operation:creat course   info:linux课程创建成功
2019-04-03 12:44:53 AM  INFO  role:admin   account:admin   operation:creat course   info:go课程创建成功
2019-04-03 12:45:52 AM  INFO  role:manager   account:admin   operation:landing   info:管理员成功登录!
2019-04-03 12:46:12 AM  INFO  role:admin   account:admin   operation:creat school   info:北京校区创建成功！
2019-04-03 12:46:24 AM  INFO  role:admin   account:admin   operation:creat school   info:上海校区创建成功！
2019-04-03 12:46:36 AM  INFO  role:manager   account:admin   operation:landing   info:管理员成功登录!
2019-04-03 12:46:55 AM  INFO  role:admin   account:admin   operation:creat teacher   info:None账户创建成功
2019-04-03 12:47:32 AM  INFO  role:admin   account:admin   operation:creat teacher   info:None账户创建成功
2019-04-03 12:47:56 AM  INFO  role:admin   account:admin   operation:creat teacher   info:None账户创建成功
2019-04-03 01:00:19 AM  INFO  role:admin   account:admin   operation:creat teacher   info:None账户创建成功
2019-04-03 01:03:18 AM  INFO  role:manager   account:admin   operation:landing   info:管理员成功登录!
2019-04-03 01:03:39 AM  INFO  role:admin   account:admin   operation:creat course   info:python课程创建成功
2019-04-03 01:04:01 AM  INFO  role:admin   account:admin   operation:creat course   info:linux课程创建成功
2019-04-03 01:04:17 AM  INFO  role:admin   account:admin   operation:creat course   info:go课程创建成功
2019-04-03 01:04:35 AM  INFO  role:manager   account:admin   operation:landing   info:管理员成功登录!
2019-04-03 01:04:49 AM  INFO  role:admin   account:admin   operation:creat school   info:北京校区创建成功！
2019-04-03 01:05:10 AM  INFO  role:admin   account:admin   operation:creat school   info:上海校区创建成功！
2019-04-03 01:05:25 AM  INFO  role:manager   account:admin   operation:landing   info:管理员成功登录!
2019-04-03 01:05:41 AM  INFO  role:admin   account:admin   operation:creat teacher   info:None账户创建成功
2019-04-03 01:06:02 AM  INFO  role:admin   account:admin   operation:creat teacher   info:None账户创建成功
2019-04-03 01:06:24 AM  INFO  role:admin   account:admin   operation:creat teacher   info:None账户创建成功
2019-04-03 01:06:38 AM  INFO  role:manager   account:admin   operation:landing   info:管理员成功登录!
2019-04-03 01:13:09 AM  INFO  role:manager   account:admin   operation:landing   info:管理员成功登录!
2019-04-03 01:14:23 AM  INFO  role:manager   account:admin   operation:landing   info:管理员成功登录!
2019-04-03 01:14:49 AM  INFO  role:admin   account:admin   operation:creat class   info:python1创建成功
2019-04-03 01:20:51 AM  INFO  role:manager   account:admin   operation:landing   info:管理员成功登录!
2019-04-03 01:21:25 AM  INFO  role:admin   account:admin   operation:creat class   info:linux1创建成功
2019-04-03 01:21:48 AM  INFO  role:admin   account:admin   operation:creat class   info:go1创建成功
2019-04-03 01:25:19 AM  INFO  role:manager   account:admin   operation:landing   info:管理员成功登录!
2019-04-05 01:59:30 AM  INFO  role:manager   account:admin   operation:landing   info:管理员成功登录!
2019-04-05 01:59:57 AM  INFO  role:admin   account:admin   operation:creat course   info:python课程创建成功
2019-04-05 02:00:31 AM  INFO  role:admin   account:admin   operation:creat course   info:linux课程创建成功
2019-04-05 02:01:10 AM  INFO  role:admin   account:admin   operation:creat course   info:go课程创建成功
2019-04-05 02:01:25 AM  INFO  role:manager   account:admin   operation:landing   info:管理员成功登录!
2019-04-05 02:01:48 AM  INFO  role:admin   account:admin   operation:creat school   info:北京校区创建成功！
2019-04-05 02:02:00 AM  INFO  role:admin   account:admin   operation:creat school   info:上海校区创建成功！
2019-04-05 02:02:24 AM  INFO  role:manager   account:admin   operation:landing   info:管理员成功登录!
2019-04-05 02:02:49 AM  INFO  role:admin   account:admin   operation:creat teacher   info:20190010001账户创建成功
2019-04-05 02:03:16 AM  INFO  role:admin   account:admin   operation:creat teacher   info:20190010002账户创建成功
2019-04-05 02:03:37 AM  INFO  role:admin   account:admin   operation:creat teacher   info:20190020001账户创建成功
2019-04-05 02:03:54 AM  INFO  role:manager   account:admin   operation:landing   info:管理员成功登录!
2019-04-05 02:04:19 AM  INFO  role:admin   account:admin   operation:creat class   info:python创建成功
2019-04-05 02:04:44 AM  INFO  role:admin   account:admin   operation:creat class   info:linux1创建成功
2019-04-05 02:05:06 AM  INFO  role:admin   account:admin   operation:creat class   info:go1创建成功
2019-04-06 12:07:58 AM  INFO  role:manager   account:admin   operation:landing   info:管理员成功登录!
2019-04-06 12:09:46 AM  INFO  role:manager   account:admin   operation:landing   info:管理员成功登录!
2019-04-06 12:35:39 AM  INFO  role:manager   account:admin   operation:landing   info:管理员成功登录!
2019-04-06 12:38:23 AM  INFO  role:manager   account:admin   operation:landing   info:管理员成功登录!
2019-04-06 12:41:51 AM  INFO  role:manager   account:admin   operation:landing   info:管理员成功登录!
2019-04-06 12:42:01 AM  INFO  role:manager   account:admin   operation:landing   info:管理员成功登录!
2019-04-06 12:43:29 AM  INFO  role:manager   account:admin   operation:landing   info:管理员成功登录!
2019-04-06 12:55:18 AM  INFO  role:manager   account:admin   operation:landing   info:管理员成功登录!
2019-04-06 12:58:42 AM  INFO  role:manager   account:admin   operation:landing   info:管理员成功登录!
2019-04-06 12:59:24 AM  INFO  role:manager   account:admin   operation:landing   info:管理员成功登录!
2019-04-06 12:59:27 AM  INFO  role:admin   account:admin   operation:update course   info:None课程更新成功!
2019-04-06 01:02:20 AM  INFO  role:admin   account:admin   operation:reset   info:student:2019001001001账户重置成功!
2019-04-06 01:03:34 AM  INFO  role:manager   account:admin   operation:landing   info:管理员成功登录!
2019-04-06 01:18:13 AM  INFO  role:manager   account:admin   operation:landing   info:管理员成功登录!
2019-04-06 01:29:46 AM  INFO  role:manager   account:admin   operation:landing   info:管理员成功登录!
