2019-04-04 01:09:22 AM  INFO  role:student   account:201900100100004   operation:register   info:注册成功!
2019-04-04 01:11:13 AM  INFO  role:student   account:201900100100004   operation:register   info:注册成功!
2019-04-04 01:12:45 AM  INFO  role:student   account:201900100100004   operation:register   info:注册成功!
2019-04-04 11:57:23 PM  INFO  role:student   account:201900100100001   operation:register   info:注册成功!
2019-04-05 12:07:18 AM  INFO  role:student   account:201900100100001   operation:register   info:注册成功!
2019-04-05 12:08:25 AM  INFO  role:student   account:201900100200002   operation:register   info:注册成功!
2019-04-05 12:09:08 AM  INFO  role:student   account:201900200300003   operation:register   info:注册成功!
2019-04-05 02:06:17 AM  INFO  role:student   account:2019001001004   operation:register   info:注册成功!
2019-04-05 02:10:11 AM  INFO  role:student   account:2019001002004   operation:register   info:注册成功!
2019-04-05 02:14:46 AM  INFO  role:student   account:2019002003008   operation:register   info:注册成功!
2019-04-05 02:16:56 AM  INFO  role:student   account:2019001001002   operation:register   info:注册成功!
2019-04-05 10:11:53 PM  INFO  role:student   account:2019002003001   operation:register   info:注册成功!
2019-04-05 10:29:54 PM  INFO  role:student   account:2019001002001   operation:register   info:注册成功!
2019-04-05 10:32:24 PM  INFO  role:student   account:2019001001001   operation:register   info:注册成功!
2019-04-05 10:34:32 PM  INFO  role:student   account:2019001002002   operation:register   info:注册成功!
2019-04-05 10:36:43 PM  INFO  role:student   account:2019002003002   operation:register   info:注册成功!
2019-04-05 10:38:09 PM  INFO  role:student   account:2019001001001   operation:landing   info:登录成功!
2019-04-05 10:39:16 PM  INFO  role:student   account:2019001001001   operation:landing   info:登录成功!
2019-04-05 10:42:49 PM  INFO  role:student   account:2019001001001   operation:landing   info:登录成功!
2019-04-05 10:45:14 PM  INFO  role:student   account:2019001001001   operation:landing   info:登录成功!
2019-04-05 10:50:49 PM  INFO  role:student   account:2019001001001   operation:landing   info:登录成功!
2019-04-05 10:55:52 PM  INFO  role:student   account:2019001001001   operation:landing   info:登录成功!
2019-04-05 10:59:18 PM  INFO  role:student  account:2019001001001  operation:recharge  info:成功充值10000元!
2019-04-05 11:27:36 PM  INFO  role:student   account:2019001001001   operation:landing   info:登录成功!
2019-04-05 11:27:57 PM  INFO  role:student   account:2019001001001   operation:choice course   info:001课程选课成功!
2019-04-05 11:28:03 PM  INFO  role:student  account:2019001001001  operation:recharge  info:成功充值0元!
2019-04-05 11:29:08 PM  INFO  role:student  account:2019001001001  operation:recharge  info:成功充值50元!
2019-04-05 11:30:52 PM  ERROR  role:student   account:2019001001001   operation:landing   info:账号被冻结!
2019-04-06 01:24:18 AM  INFO  role:student   account:2019001001001   operation:landing   info:登录成功!
2019-04-06 01:25:41 AM  INFO  role:student   account:2019001001001   operation:landing   info:登录成功!
2019-04-06 01:25:54 AM  INFO  role:student   account:2019001001001   operation:update massage   info:个人信息更新成功!
2019-04-06 10:34:48 PM  INFO  role:student   account:2019001001001   operation:landing   info:登录成功!
2019-04-06 10:39:47 PM  INFO  role:student   account:2019001001001   operation:landing   info:登录成功!
2019-04-06 10:46:19 PM  INFO  role:student   account:2019001001001   operation:landing   info:登录成功!
2019-04-06 10:47:07 PM  INFO  role:student   account:2019001001001   operation:landing   info:登录成功!
2019-04-06 10:55:19 PM  INFO  role:student   account:2019001001001   operation:landing   info:登录成功!
2019-04-06 10:55:35 PM  INFO  role:student   account:2019001001001   operation:landing   info:登录成功!
2019-04-06 10:56:45 PM  INFO  role:student   account:2019001001001   operation:landing   info:登录成功!
